<?xml version="1.0" encoding="UTF-8"?>
<testng-results ignored="0" total="1" passed="1" failed="0" skipped="0">
  <reporter-output>
    <line>
      <![CDATA[This website application link is verified and found its correct link in web page]]>
    </line>
    <line>
      <![CDATA[This Header text is verified and found its Header Text is correct in web page]]>
    </line>
    <line>
      <![CDATA[This page is verified and found its showing There are no available job positions that match your filters in web page]]>
    </line>
    <line>
      <![CDATA[This QA engineer url is verified and found its correct url in web page]]>
    </line>
    <line>
      <![CDATA[This page URL is verified and found its careers page]]>
    </line>
  </reporter-output>
  <suite started-at="2022-10-16T10:19:30 IST" name="Default suite" finished-at="2022-10-16T10:19:55 IST" duration-ms="25704">
    <groups>
    </groups>
    <test started-at="2022-10-16T10:19:30 IST" name="Default test" finished-at="2022-10-16T10:19:55 IST" duration-ms="25704">
      <class name="Test.NumdicQaEngineerTest">
        <test-method is-config="true" signature="openBrowser()[pri:0, instance:Test.NumdicQaEngineerTest@3f6f6701]" started-at="2022-10-16T10:19:30 IST" name="openBrowser" finished-at="2022-10-16T10:19:39 IST" duration-ms="9469" status="PASS">
          <reporter-output>
          </reporter-output>
        </test-method> <!-- openBrowser -->
        <test-method signature="task()[pri:0, instance:Test.NumdicQaEngineerTest@3f6f6701]" started-at="2022-10-16T10:19:39 IST" name="task" finished-at="2022-10-16T10:19:54 IST" duration-ms="14552" status="PASS">
          <reporter-output>
            <line>
              <![CDATA[This website application link is verified and found its correct link in web page]]>
            </line>
            <line>
              <![CDATA[This Header text is verified and found its Header Text is correct in web page]]>
            </line>
            <line>
              <![CDATA[This page is verified and found its showing There are no available job positions that match your filters in web page]]>
            </line>
            <line>
              <![CDATA[This QA engineer url is verified and found its correct url in web page]]>
            </line>
            <line>
              <![CDATA[This page URL is verified and found its careers page]]>
            </line>
          </reporter-output>
        </test-method> <!-- task -->
        <test-method is-config="true" signature="closeBrowser()[pri:0, instance:Test.NumdicQaEngineerTest@3f6f6701]" started-at="2022-10-16T10:19:54 IST" name="closeBrowser" finished-at="2022-10-16T10:19:55 IST" duration-ms="1466" status="PASS">
          <reporter-output>
          </reporter-output>
        </test-method> <!-- closeBrowser -->
      </class> <!-- Test.NumdicQaEngineerTest -->
    </test> <!-- Default test -->
  </suite> <!-- Default suite -->
</testng-results>
